2022-10-26 19:32:32.5178|10409|DEBUG|Microsoft.EntityFrameworkCore.Infrastructure|An additional 'IServiceProvider' was created for internal use by Entity Framework. An existing service provider was not used due to the following configuration changes: configuration added for 'MySQL:CharSet'. 
2022-10-26 19:32:33.3632|10403|INFO|Microsoft.EntityFrameworkCore.Infrastructure|Entity Framework Core 5.0.17 initialized 'ShortLinkDbContext' using provider 'MySql.EntityFrameworkCore' with options: None 
2022-10-26 19:32:33.4071|20400|DEBUG|Microsoft.EntityFrameworkCore.Migrations|Migrating using database 'shortlinkdb' on server 'localhost'. 
2022-10-26 19:32:34.5756|20103|DEBUG|Microsoft.EntityFrameworkCore.Database.Command|Creating DbCommand for 'ExecuteScalar'. 
2022-10-26 19:32:34.5861|20104|DEBUG|Microsoft.EntityFrameworkCore.Database.Command|Created DbCommand for 'ExecuteScalar' (6ms). 
2022-10-26 19:32:34.5861|20000|DEBUG|Microsoft.EntityFrameworkCore.Database.Connection|Opening connection to database 'shortlinkdb' on server 'localhost'. 
2022-10-26 19:32:34.6139|20001|DEBUG|Microsoft.EntityFrameworkCore.Database.Connection|Opened connection to database 'shortlinkdb' on server 'localhost'. 
2022-10-26 19:32:34.6297|20100|DEBUG|Microsoft.EntityFrameworkCore.Database.Command|Executing DbCommand [Parameters=[], CommandType='Text', CommandTimeout='30']
SELECT 1 FROM INFORMATION_SCHEMA.TABLES WHERE TABLE_SCHEMA='shortlinkdb' AND TABLE_NAME='__EFMigrationsHistory'; 
2022-10-26 19:32:34.6464|20101|INFO|Microsoft.EntityFrameworkCore.Database.Command|Executed DbCommand (22ms) [Parameters=[], CommandType='Text', CommandTimeout='30']
SELECT 1 FROM INFORMATION_SCHEMA.TABLES WHERE TABLE_SCHEMA='shortlinkdb' AND TABLE_NAME='__EFMigrationsHistory'; 
2022-10-26 19:32:34.6464|20002|DEBUG|Microsoft.EntityFrameworkCore.Database.Connection|Closing connection to database 'shortlinkdb' on server 'localhost'. 
2022-10-26 19:32:34.6464|20003|DEBUG|Microsoft.EntityFrameworkCore.Database.Connection|Closed connection to database 'shortlinkdb' on server 'localhost'. 
2022-10-26 19:32:34.6464|20103|DEBUG|Microsoft.EntityFrameworkCore.Database.Command|Creating DbCommand for 'ExecuteScalar'. 
2022-10-26 19:32:34.6464|20104|DEBUG|Microsoft.EntityFrameworkCore.Database.Command|Created DbCommand for 'ExecuteScalar' (0ms). 
2022-10-26 19:32:34.6464|20000|DEBUG|Microsoft.EntityFrameworkCore.Database.Connection|Opening connection to database 'shortlinkdb' on server 'localhost'. 
2022-10-26 19:32:34.6464|20001|DEBUG|Microsoft.EntityFrameworkCore.Database.Connection|Opened connection to database 'shortlinkdb' on server 'localhost'. 
2022-10-26 19:32:34.6464|20100|DEBUG|Microsoft.EntityFrameworkCore.Database.Command|Executing DbCommand [Parameters=[], CommandType='Text', CommandTimeout='30']
SELECT 1 FROM INFORMATION_SCHEMA.TABLES WHERE TABLE_SCHEMA='shortlinkdb' AND TABLE_NAME='__EFMigrationsHistory'; 
2022-10-26 19:32:34.6587|20101|INFO|Microsoft.EntityFrameworkCore.Database.Command|Executed DbCommand (1ms) [Parameters=[], CommandType='Text', CommandTimeout='30']
SELECT 1 FROM INFORMATION_SCHEMA.TABLES WHERE TABLE_SCHEMA='shortlinkdb' AND TABLE_NAME='__EFMigrationsHistory'; 
2022-10-26 19:32:34.6587|20002|DEBUG|Microsoft.EntityFrameworkCore.Database.Connection|Closing connection to database 'shortlinkdb' on server 'localhost'. 
2022-10-26 19:32:34.6587|20003|DEBUG|Microsoft.EntityFrameworkCore.Database.Connection|Closed connection to database 'shortlinkdb' on server 'localhost'. 
2022-10-26 19:32:34.6841|20103|DEBUG|Microsoft.EntityFrameworkCore.Database.Command|Creating DbCommand for 'ExecuteReader'. 
2022-10-26 19:32:34.6841|20104|DEBUG|Microsoft.EntityFrameworkCore.Database.Command|Created DbCommand for 'ExecuteReader' (0ms). 
2022-10-26 19:32:34.6841|20000|DEBUG|Microsoft.EntityFrameworkCore.Database.Connection|Opening connection to database 'shortlinkdb' on server 'localhost'. 
2022-10-26 19:32:34.6841|20001|DEBUG|Microsoft.EntityFrameworkCore.Database.Connection|Opened connection to database 'shortlinkdb' on server 'localhost'. 
2022-10-26 19:32:34.6841|20100|DEBUG|Microsoft.EntityFrameworkCore.Database.Command|Executing DbCommand [Parameters=[], CommandType='Text', CommandTimeout='30']
SELECT `MigrationId`, `ProductVersion`
FROM `__EFMigrationsHistory`
ORDER BY `MigrationId`; 
2022-10-26 19:32:34.6973|20101|INFO|Microsoft.EntityFrameworkCore.Database.Command|Executed DbCommand (12ms) [Parameters=[], CommandType='Text', CommandTimeout='30']
SELECT `MigrationId`, `ProductVersion`
FROM `__EFMigrationsHistory`
ORDER BY `MigrationId`; 
2022-10-26 19:32:34.6973|20300|DEBUG|Microsoft.EntityFrameworkCore.Database.Command|A data reader was disposed. 
2022-10-26 19:32:34.7055|20002|DEBUG|Microsoft.EntityFrameworkCore.Database.Connection|Closing connection to database 'shortlinkdb' on server 'localhost'. 
2022-10-26 19:32:34.7055|20003|DEBUG|Microsoft.EntityFrameworkCore.Database.Connection|Closed connection to database 'shortlinkdb' on server 'localhost'. 
2022-10-26 19:32:34.7381|20405|INFO|Microsoft.EntityFrameworkCore.Migrations|No migrations were applied. The database is already up to date. 
2022-10-26 19:32:34.7381|10407|DEBUG|Microsoft.EntityFrameworkCore.Infrastructure|'ShortLinkDbContext' disposed. 
2022-10-26 19:32:34.8433|3|DEBUG|Microsoft.AspNetCore.Mvc.Razor.Compilation.DefaultViewCompiler|Initializing Razor view compiler with compiled view: '/Views/Link/Index.cshtml'. 
2022-10-26 19:32:34.8433|3|DEBUG|Microsoft.AspNetCore.Mvc.Razor.Compilation.DefaultViewCompiler|Initializing Razor view compiler with compiled view: '/Views/Link/Save.cshtml'. 
2022-10-26 19:32:34.8433|3|DEBUG|Microsoft.AspNetCore.Mvc.Razor.Compilation.DefaultViewCompiler|Initializing Razor view compiler with compiled view: '/Views/Shared/Error.cshtml'. 
2022-10-26 19:32:34.8433|3|DEBUG|Microsoft.AspNetCore.Mvc.Razor.Compilation.DefaultViewCompiler|Initializing Razor view compiler with compiled view: '/Views/Shared/_ValidationScriptsPartial.cshtml'. 
2022-10-26 19:32:34.8433|3|DEBUG|Microsoft.AspNetCore.Mvc.Razor.Compilation.DefaultViewCompiler|Initializing Razor view compiler with compiled view: '/Views/_ViewImports.cshtml'. 
2022-10-26 19:32:34.8433|3|DEBUG|Microsoft.AspNetCore.Mvc.Razor.Compilation.DefaultViewCompiler|Initializing Razor view compiler with compiled view: '/Views/_ViewStart.cshtml'. 
2022-10-26 19:32:34.8433|3|DEBUG|Microsoft.AspNetCore.Mvc.Razor.Compilation.DefaultViewCompiler|Initializing Razor view compiler with compiled view: '/Views/Shared/_Layout.cshtml'. 
2022-10-26 19:32:34.8656|12|DEBUG|Microsoft.AspNetCore.Mvc.ModelBinding.ModelBinderFactory|Registered model binder providers, in the following order: Microsoft.AspNetCore.Mvc.ModelBinding.Binders.BinderTypeModelBinderProvider, Microsoft.AspNetCore.Mvc.ModelBinding.Binders.ServicesModelBinderProvider, Microsoft.AspNetCore.Mvc.ModelBinding.Binders.BodyModelBinderProvider, Microsoft.AspNetCore.Mvc.ModelBinding.Binders.HeaderModelBinderProvider, Microsoft.AspNetCore.Mvc.ModelBinding.Binders.FloatingPointTypeModelBinderProvider, Microsoft.AspNetCore.Mvc.ModelBinding.Binders.EnumTypeModelBinderProvider, Microsoft.AspNetCore.Mvc.ModelBinding.Binders.DateTimeModelBinderProvider, Microsoft.AspNetCore.Mvc.ModelBinding.Binders.SimpleTypeModelBinderProvider, Microsoft.AspNetCore.Mvc.ModelBinding.Binders.CancellationTokenModelBinderProvider, Microsoft.AspNetCore.Mvc.ModelBinding.Binders.ByteArrayModelBinderProvider, Microsoft.AspNetCore.Mvc.ModelBinding.Binders.FormFileModelBinderProvider, Microsoft.AspNetCore.Mvc.ModelBinding.Binders.FormCollectionModelBinderProvider, Microsoft.AspNetCore.Mvc.ModelBinding.Binders.KeyValuePairModelBinderProvider, Microsoft.AspNetCore.Mvc.ModelBinding.Binders.DictionaryModelBinderProvider, Microsoft.AspNetCore.Mvc.ModelBinding.Binders.ArrayModelBinderProvider, Microsoft.AspNetCore.Mvc.ModelBinding.Binders.CollectionModelBinderProvider, Microsoft.AspNetCore.Mvc.ModelBinding.Binders.ComplexObjectModelBinderProvider 
2022-10-26 19:32:35.0108|1|DEBUG|Microsoft.Extensions.Hosting.Internal.Host|Hosting starting 
2022-10-26 19:32:35.1577|63|INFO|Microsoft.AspNetCore.DataProtection.KeyManagement.XmlKeyManager|User profile is available. Using 'C:\Users\Lokers\AppData\Local\ASP.NET\DataProtection-Keys' as key repository and Windows DPAPI to encrypt keys at rest. 
2022-10-26 19:32:35.1692|37|DEBUG|Microsoft.AspNetCore.DataProtection.Repositories.FileSystemXmlRepository|Reading data from file 'C:\Users\Lokers\AppData\Local\ASP.NET\DataProtection-Keys\key-055ebec0-6d92-43a9-8ce4-ecd0cb2d8332.xml'. 
2022-10-26 19:32:35.1955|37|DEBUG|Microsoft.AspNetCore.DataProtection.Repositories.FileSystemXmlRepository|Reading data from file 'C:\Users\Lokers\AppData\Local\ASP.NET\DataProtection-Keys\key-23409029-c358-4d7d-89b6-549d95b4667c.xml'. 
2022-10-26 19:32:35.2308|18|DEBUG|Microsoft.AspNetCore.DataProtection.KeyManagement.XmlKeyManager|Found key {055ebec0-6d92-43a9-8ce4-ecd0cb2d8332}. 
2022-10-26 19:32:35.2448|18|DEBUG|Microsoft.AspNetCore.DataProtection.KeyManagement.XmlKeyManager|Found key {23409029-c358-4d7d-89b6-549d95b4667c}. 
2022-10-26 19:32:35.2839|13|DEBUG|Microsoft.AspNetCore.DataProtection.KeyManagement.DefaultKeyResolver|Considering key {23409029-c358-4d7d-89b6-549d95b4667c} with expiration date 2022-11-20 13:38:10Z as default key. 
2022-10-26 19:32:35.2839|0|DEBUG|Microsoft.AspNetCore.DataProtection.TypeForwardingActivator|Forwarded activator type request from Microsoft.AspNetCore.DataProtection.XmlEncryption.DpapiXmlDecryptor, Microsoft.AspNetCore.DataProtection, Version=6.0.0.0, Culture=neutral, PublicKeyToken=adb9793829ddae60 to Microsoft.AspNetCore.DataProtection.XmlEncryption.DpapiXmlDecryptor, Microsoft.AspNetCore.DataProtection, Culture=neutral, PublicKeyToken=adb9793829ddae60 
2022-10-26 19:32:35.2839|51|DEBUG|Microsoft.AspNetCore.DataProtection.XmlEncryption.DpapiXmlDecryptor|Decrypting secret element using Windows DPAPI. 
2022-10-26 19:32:35.2839|0|DEBUG|Microsoft.AspNetCore.DataProtection.TypeForwardingActivator|Forwarded activator type request from Microsoft.AspNetCore.DataProtection.AuthenticatedEncryption.ConfigurationModel.AuthenticatedEncryptorDescriptorDeserializer, Microsoft.AspNetCore.DataProtection, Version=6.0.0.0, Culture=neutral, PublicKeyToken=adb9793829ddae60 to Microsoft.AspNetCore.DataProtection.AuthenticatedEncryption.ConfigurationModel.AuthenticatedEncryptorDescriptorDeserializer, Microsoft.AspNetCore.DataProtection, Culture=neutral, PublicKeyToken=adb9793829ddae60 
2022-10-26 19:32:35.2839|4|DEBUG|Microsoft.AspNetCore.DataProtection.AuthenticatedEncryption.CngCbcAuthenticatedEncryptorFactory|Opening CNG algorithm 'AES' from provider '(null)' with chaining mode CBC. 
2022-10-26 19:32:35.3010|3|DEBUG|Microsoft.AspNetCore.DataProtection.AuthenticatedEncryption.CngCbcAuthenticatedEncryptorFactory|Opening CNG algorithm 'SHA256' from provider '(null)' with HMAC. 
2022-10-26 19:32:35.3010|2|DEBUG|Microsoft.AspNetCore.DataProtection.KeyManagement.KeyRingProvider|Using key {23409029-c358-4d7d-89b6-549d95b4667c} as the default key. 
2022-10-26 19:32:35.3010|65|DEBUG|Microsoft.AspNetCore.DataProtection.Internal.DataProtectionHostedService|Key ring with default key {23409029-c358-4d7d-89b6-549d95b4667c} was loaded during application startup. 
2022-10-26 19:32:35.5851|0|DEBUG|Microsoft.AspNetCore.Server.Kestrel.Core.KestrelServer|Using development certificate: CN=localhost (Thumbprint: 68571EEA0C1BD2CA1D1FC31A140ECE259117DD9D) 
2022-10-26 19:32:35.6842|14|INFO|Microsoft.Hosting.Lifetime|Now listening on: https://localhost:7288 
2022-10-26 19:32:35.9868|14|INFO|Microsoft.Hosting.Lifetime|Now listening on: http://localhost:5288 
2022-10-26 19:32:35.9868|13|DEBUG|Microsoft.AspNetCore.Hosting.Diagnostics|Loaded hosting startup assembly LinkShortener 
2022-10-26 19:32:35.9868|0|INFO|Microsoft.Hosting.Lifetime|Application started. Press Ctrl+C to shut down. 
2022-10-26 19:32:35.9868|0|INFO|Microsoft.Hosting.Lifetime|Hosting environment: Development 
2022-10-26 19:32:36.0254|0|INFO|Microsoft.Hosting.Lifetime|Content root path: F:\ShortUrlApp\LinkShortener\LinkShortener\ 
2022-10-26 19:32:36.0679|2|DEBUG|Microsoft.Extensions.Hosting.Internal.Host|Hosting started 
2022-10-26 19:33:08.6020|39|DEBUG|Microsoft.AspNetCore.Server.Kestrel.Connections|Connection id "0HMLNDV21TGF6" accepted. 
2022-10-26 19:33:08.6264|1|DEBUG|Microsoft.AspNetCore.Server.Kestrel.Connections|Connection id "0HMLNDV21TGF6" started. 
2022-10-26 19:33:08.7960|3|DEBUG|Microsoft.AspNetCore.Server.Kestrel.Https.Internal.HttpsConnectionMiddleware|Connection 0HMLNDV21TGF6 established using the following protocol: Tls12 
2022-10-26 19:33:08.8264|49|TRACE|Microsoft.AspNetCore.Server.Kestrel.Http2|Connection id "0HMLNDV21TGF6" sending SETTINGS frame for stream ID 0 with length 18 and flags NONE. 
2022-10-26 19:33:08.8342|49|TRACE|Microsoft.AspNetCore.Server.Kestrel.Http2|Connection id "0HMLNDV21TGF6" sending WINDOW_UPDATE frame for stream ID 0 with length 4 and flags 0x0. 
2022-10-26 19:33:08.8342|37|TRACE|Microsoft.AspNetCore.Server.Kestrel.Http2|Connection id "0HMLNDV21TGF6" received SETTINGS frame for stream ID 0 with length 18 and flags NONE. 
2022-10-26 19:33:08.8342|49|TRACE|Microsoft.AspNetCore.Server.Kestrel.Http2|Connection id "0HMLNDV21TGF6" sending SETTINGS frame for stream ID 0 with length 0 and flags ACK. 
2022-10-26 19:33:08.8342|37|TRACE|Microsoft.AspNetCore.Server.Kestrel.Http2|Connection id "0HMLNDV21TGF6" received WINDOW_UPDATE frame for stream ID 0 with length 4 and flags 0x0. 
2022-10-26 19:33:08.8342|37|TRACE|Microsoft.AspNetCore.Server.Kestrel.Http2|Connection id "0HMLNDV21TGF6" received PRIORITY frame for stream ID 3 with length 5 and flags 0x0. 
2022-10-26 19:33:08.8342|37|TRACE|Microsoft.AspNetCore.Server.Kestrel.Http2|Connection id "0HMLNDV21TGF6" received PRIORITY frame for stream ID 5 with length 5 and flags 0x0. 
2022-10-26 19:33:08.8342|37|TRACE|Microsoft.AspNetCore.Server.Kestrel.Http2|Connection id "0HMLNDV21TGF6" received PRIORITY frame for stream ID 7 with length 5 and flags 0x0. 
2022-10-26 19:33:08.8342|37|TRACE|Microsoft.AspNetCore.Server.Kestrel.Http2|Connection id "0HMLNDV21TGF6" received PRIORITY frame for stream ID 9 with length 5 and flags 0x0. 
2022-10-26 19:33:08.8342|37|TRACE|Microsoft.AspNetCore.Server.Kestrel.Http2|Connection id "0HMLNDV21TGF6" received PRIORITY frame for stream ID 11 with length 5 and flags 0x0. 
2022-10-26 19:33:08.8342|37|TRACE|Microsoft.AspNetCore.Server.Kestrel.Http2|Connection id "0HMLNDV21TGF6" received PRIORITY frame for stream ID 13 with length 5 and flags 0x0. 
2022-10-26 19:33:08.8342|37|TRACE|Microsoft.AspNetCore.Server.Kestrel.Http2|Connection id "0HMLNDV21TGF6" received HEADERS frame for stream ID 15 with length 313 and flags END_STREAM, END_HEADERS, PRIORITY. 
2022-10-26 19:33:08.8676|37|TRACE|Microsoft.AspNetCore.Server.Kestrel.Http2|Connection id "0HMLNDV21TGF6" received WINDOW_UPDATE frame for stream ID 15 with length 4 and flags 0x0. 
2022-10-26 19:33:08.8676|37|TRACE|Microsoft.AspNetCore.Server.Kestrel.Http2|Connection id "0HMLNDV21TGF6" received SETTINGS frame for stream ID 0 with length 0 and flags ACK. 
2022-10-26 19:33:08.8893|1|INFO|Microsoft.AspNetCore.Hosting.Diagnostics|Request starting HTTP/2 GET https://localhost:7288/ - - 
2022-10-26 19:33:08.8936|0|DEBUG|Microsoft.AspNetCore.HostFiltering.HostFilteringMiddleware|Wildcard detected, all requests with hosts will be allowed. 
2022-10-26 19:33:08.8936|2|TRACE|Microsoft.AspNetCore.HostFiltering.HostFilteringMiddleware|All hosts are allowed. 
2022-10-26 19:33:08.8936|4|DEBUG|Microsoft.AspNetCore.StaticFiles.StaticFileMiddleware|The request path / does not match a supported file type 
2022-10-26 19:33:08.9543|1001|DEBUG|Microsoft.AspNetCore.Routing.Matching.DfaMatcher|1 candidate(s) found for the request path '/' 
2022-10-26 19:33:08.9623|1005|DEBUG|Microsoft.AspNetCore.Routing.Matching.DfaMatcher|Endpoint 'LinkShortener.Controllers.LinkController.Index (LinkShortener)' with route pattern '{controller=Link}/{action=Index}/{id?}' is valid for the request path '/' 
2022-10-26 19:33:08.9623|1|DEBUG|Microsoft.AspNetCore.Routing.EndpointRoutingMiddleware|Request matched endpoint 'LinkShortener.Controllers.LinkController.Index (LinkShortener)' 
2022-10-26 19:33:08.9623|0|INFO|Microsoft.AspNetCore.Routing.EndpointMiddleware|Executing endpoint 'LinkShortener.Controllers.LinkController.Index (LinkShortener)' 
2022-10-26 19:33:09.0058|3|INFO|Microsoft.AspNetCore.Mvc.Infrastructure.ControllerActionInvoker|Route matched with {action = "Index", controller = "Link"}. Executing controller action with signature System.Threading.Tasks.Task`1[Microsoft.AspNetCore.Mvc.IActionResult] Index() on controller LinkShortener.Controllers.LinkController (LinkShortener). 
2022-10-26 19:33:09.0058|1|DEBUG|Microsoft.AspNetCore.Mvc.Infrastructure.ControllerActionInvoker|Execution plan of authorization filters (in the following order): None 
2022-10-26 19:33:09.0058|1|DEBUG|Microsoft.AspNetCore.Mvc.Infrastructure.ControllerActionInvoker|Execution plan of resource filters (in the following order): Microsoft.AspNetCore.Mvc.ViewFeatures.Filters.SaveTempDataFilter 
2022-10-26 19:33:09.0058|1|DEBUG|Microsoft.AspNetCore.Mvc.Infrastructure.ControllerActionInvoker|Execution plan of action filters (in the following order): Microsoft.AspNetCore.Mvc.Filters.ControllerActionFilter (Order: -2147483648), Microsoft.AspNetCore.Mvc.ModelBinding.UnsupportedContentTypeFilter (Order: -3000) 
2022-10-26 19:33:09.0058|1|DEBUG|Microsoft.AspNetCore.Mvc.Infrastructure.ControllerActionInvoker|Execution plan of exception filters (in the following order): None 
2022-10-26 19:33:09.0058|1|DEBUG|Microsoft.AspNetCore.Mvc.Infrastructure.ControllerActionInvoker|Execution plan of result filters (in the following order): Microsoft.AspNetCore.Mvc.ViewFeatures.Filters.SaveTempDataFilter 
2022-10-26 19:33:09.0058|2|TRACE|Microsoft.AspNetCore.Mvc.Infrastructure.ControllerActionInvoker|Resource Filter: Before executing OnResourceExecuting on filter Microsoft.AspNetCore.Mvc.ViewFeatures.Filters.SaveTempDataFilter. 
2022-10-26 19:33:09.0058|3|TRACE|Microsoft.AspNetCore.Mvc.Infrastructure.ControllerActionInvoker|Resource Filter: After executing OnResourceExecuting on filter Microsoft.AspNetCore.Mvc.ViewFeatures.Filters.SaveTempDataFilter. 
2022-10-26 19:33:09.0058|1|DEBUG|Microsoft.AspNetCore.Mvc.Infrastructure.ControllerActionInvoker|Executing controller factory for controller LinkShortener.Controllers.LinkController (LinkShortener) 
2022-10-26 19:33:09.0058|2|DEBUG|Microsoft.AspNetCore.Mvc.Infrastructure.ControllerActionInvoker|Executed controller factory for controller LinkShortener.Controllers.LinkController (LinkShortener) 
2022-10-26 19:33:09.0058|2|TRACE|Microsoft.AspNetCore.Mvc.Infrastructure.ControllerActionInvoker|Action Filter: Before executing OnActionExecutionAsync on filter Microsoft.AspNetCore.Mvc.Filters.ControllerActionFilter. 
2022-10-26 19:33:09.0058|2|TRACE|Microsoft.AspNetCore.Mvc.Infrastructure.ControllerActionInvoker|Action Filter: Before executing OnActionExecuting on filter Microsoft.AspNetCore.Mvc.ModelBinding.UnsupportedContentTypeFilter. 
2022-10-26 19:33:09.0058|3|TRACE|Microsoft.AspNetCore.Mvc.Infrastructure.ControllerActionInvoker|Action Filter: After executing OnActionExecuting on filter Microsoft.AspNetCore.Mvc.ModelBinding.UnsupportedContentTypeFilter. 
2022-10-26 19:33:09.0246|1|INFO|Microsoft.AspNetCore.Mvc.Infrastructure.ControllerActionInvoker|Executing action method LinkShortener.Controllers.LinkController.Index (LinkShortener) - Validation state: Valid 
2022-10-26 19:33:25.3626|10403|INFO|Microsoft.EntityFrameworkCore.Infrastructure|Entity Framework Core 5.0.17 initialized 'ShortLinkDbContext' using provider 'MySql.EntityFrameworkCore' with options: None 
2022-10-26 19:33:25.3940|10111|DEBUG|Microsoft.EntityFrameworkCore.Query|Compiling query expression: 
'DbSet<Link>()' 
2022-10-26 19:33:25.7046|10107|DEBUG|Microsoft.EntityFrameworkCore.Query|Generated query execution expression: 
'queryContext => new SingleQueryingEnumerable<Link>(
    (RelationalQueryContext)queryContext, 
    RelationalCommandCache.SelectExpression(
        Projection Mapping:
            EmptyProjectionMember -> Dictionary<IProperty, int> { [Property: Link.Id (int) Required PK AfterSave:Throw ValueGenerated.OnAdd, 0], [Property: Link.CountClick (int) Required, 1], [Property: Link.DateCreate (DateTime) Required, 2], [Property: Link.LongUrl (string) Required, 3], [Property: Link.ShortUrl (string) Required, 4], }
        SELECT l.Id, l.CountClick, l.DateCreate, l.LongUrl, l.ShortUrl
        FROM links AS l), 
    Func<QueryContext, DbDataReader, ResultContext, SingleQueryResultCoordinator, Link>, 
    LinkShortener.DAL.ShortLinkDbContext, 
    False, 
    False
)' 
2022-10-26 19:33:25.7412|20103|DEBUG|Microsoft.EntityFrameworkCore.Database.Command|Creating DbCommand for 'ExecuteReader'. 
2022-10-26 19:33:25.7412|20104|DEBUG|Microsoft.EntityFrameworkCore.Database.Command|Created DbCommand for 'ExecuteReader' (0ms). 
2022-10-26 19:33:25.7412|20000|DEBUG|Microsoft.EntityFrameworkCore.Database.Connection|Opening connection to database 'shortlinkdb' on server 'localhost'. 
2022-10-26 19:33:25.7412|20001|DEBUG|Microsoft.EntityFrameworkCore.Database.Connection|Opened connection to database 'shortlinkdb' on server 'localhost'. 
2022-10-26 19:33:25.7522|20100|DEBUG|Microsoft.EntityFrameworkCore.Database.Command|Executing DbCommand [Parameters=[], CommandType='Text', CommandTimeout='30']
SELECT `l`.`Id`, `l`.`CountClick`, `l`.`DateCreate`, `l`.`LongUrl`, `l`.`ShortUrl`
FROM `links` AS `l` 
2022-10-26 19:33:25.7711|20101|INFO|Microsoft.EntityFrameworkCore.Database.Command|Executed DbCommand (19ms) [Parameters=[], CommandType='Text', CommandTimeout='30']
SELECT `l`.`Id`, `l`.`CountClick`, `l`.`DateCreate`, `l`.`LongUrl`, `l`.`ShortUrl`
FROM `links` AS `l` 
2022-10-26 19:33:25.8132|10806|DEBUG|Microsoft.EntityFrameworkCore.ChangeTracking|Context 'ShortLinkDbContext' started tracking 'Link' entity. Consider using 'DbContextOptionsBuilder.EnableSensitiveDataLogging' to see key values. 
2022-10-26 19:33:25.8518|10806|DEBUG|Microsoft.EntityFrameworkCore.ChangeTracking|Context 'ShortLinkDbContext' started tracking 'Link' entity. Consider using 'DbContextOptionsBuilder.EnableSensitiveDataLogging' to see key values. 
2022-10-26 19:33:25.8518|20300|DEBUG|Microsoft.EntityFrameworkCore.Database.Command|A data reader was disposed. 
2022-10-26 19:33:25.8518|20002|DEBUG|Microsoft.EntityFrameworkCore.Database.Connection|Closing connection to database 'shortlinkdb' on server 'localhost'. 
2022-10-26 19:33:25.8518|20003|DEBUG|Microsoft.EntityFrameworkCore.Database.Connection|Closed connection to database 'shortlinkdb' on server 'localhost'. 
