2022-11-11 15:29:25.1513|14|INFO|Microsoft.Hosting.Lifetime|Now listening on: https://localhost:7288 |url: |action: |Microsoft.AspNetCore.Hosting.GenericWebHostService.StartAsync
2022-11-11 15:29:25.2761|14|INFO|Microsoft.Hosting.Lifetime|Now listening on: http://localhost:5288 |url: |action: |Microsoft.AspNetCore.Hosting.GenericWebHostService.StartAsync
2022-11-11 15:29:25.3393|0|INFO|Microsoft.Hosting.Lifetime|Application started. Press Ctrl+C to shut down. |url: |action: |Microsoft.Extensions.Hosting.Internal.ConsoleLifetime.OnApplicationStarted
2022-11-11 15:29:25.3781|0|INFO|Microsoft.Hosting.Lifetime|Hosting environment: Development |url: |action: |Microsoft.Extensions.Hosting.Internal.ConsoleLifetime.OnApplicationStarted
2022-11-11 15:29:25.3781|0|INFO|Microsoft.Hosting.Lifetime|Content root path: F:\ShortUrlApp\LinkShortener\LinkShortener\ |url: |action: |Microsoft.Extensions.Hosting.Internal.ConsoleLifetime.OnApplicationStarted
2022-11-11 15:30:41.9696|0|INFO|Microsoft.Hosting.Lifetime|Application is shutting down... |url: |action: |Microsoft.Extensions.Hosting.Internal.ConsoleLifetime.OnApplicationStopping
2022-11-11 15:30:59.6624|14|INFO|Microsoft.Hosting.Lifetime|Now listening on: https://localhost:7288 |url: |action: |Microsoft.AspNetCore.Hosting.GenericWebHostService.StartAsync
2022-11-11 15:30:59.6971|14|INFO|Microsoft.Hosting.Lifetime|Now listening on: http://localhost:5288 |url: |action: |Microsoft.AspNetCore.Hosting.GenericWebHostService.StartAsync
2022-11-11 15:30:59.6971|0|INFO|Microsoft.Hosting.Lifetime|Application started. Press Ctrl+C to shut down. |url: |action: |Microsoft.Extensions.Hosting.Internal.ConsoleLifetime.OnApplicationStarted
2022-11-11 15:30:59.6971|0|INFO|Microsoft.Hosting.Lifetime|Hosting environment: Development |url: |action: |Microsoft.Extensions.Hosting.Internal.ConsoleLifetime.OnApplicationStarted
2022-11-11 15:30:59.6971|0|INFO|Microsoft.Hosting.Lifetime|Content root path: F:\ShortUrlApp\LinkShortener\LinkShortener\ |url: |action: |Microsoft.Extensions.Hosting.Internal.ConsoleLifetime.OnApplicationStarted
2022-11-11 15:31:31.3832|0|INFO|Microsoft.Hosting.Lifetime|Application is shutting down... |url: |action: |Microsoft.Extensions.Hosting.Internal.ConsoleLifetime.OnApplicationStopping
2022-11-11 15:31:49.2162|14|INFO|Microsoft.Hosting.Lifetime|Now listening on: https://localhost:7288 |url: |action: |Microsoft.AspNetCore.Hosting.GenericWebHostService.StartAsync
2022-11-11 15:31:49.2557|14|INFO|Microsoft.Hosting.Lifetime|Now listening on: http://localhost:5288 |url: |action: |Microsoft.AspNetCore.Hosting.GenericWebHostService.StartAsync
2022-11-11 15:31:49.2557|0|INFO|Microsoft.Hosting.Lifetime|Application started. Press Ctrl+C to shut down. |url: |action: |Microsoft.Extensions.Hosting.Internal.ConsoleLifetime.OnApplicationStarted
2022-11-11 15:31:49.2557|0|INFO|Microsoft.Hosting.Lifetime|Hosting environment: Development |url: |action: |Microsoft.Extensions.Hosting.Internal.ConsoleLifetime.OnApplicationStarted
2022-11-11 15:31:49.2557|0|INFO|Microsoft.Hosting.Lifetime|Content root path: F:\ShortUrlApp\LinkShortener\LinkShortener\ |url: |action: |Microsoft.Extensions.Hosting.Internal.ConsoleLifetime.OnApplicationStarted
2022-11-11 15:32:38.7878|0|INFO|Microsoft.Hosting.Lifetime|Application is shutting down... |url: |action: |Microsoft.Extensions.Hosting.Internal.ConsoleLifetime.OnApplicationStopping
2022-11-11 15:32:54.0520|14|INFO|Microsoft.Hosting.Lifetime|Now listening on: https://localhost:7288 |url: |action: |Microsoft.AspNetCore.Hosting.GenericWebHostService.StartAsync
2022-11-11 15:32:54.0834|14|INFO|Microsoft.Hosting.Lifetime|Now listening on: http://localhost:5288 |url: |action: |Microsoft.AspNetCore.Hosting.GenericWebHostService.StartAsync
2022-11-11 15:32:54.0834|0|INFO|Microsoft.Hosting.Lifetime|Application started. Press Ctrl+C to shut down. |url: |action: |Microsoft.Extensions.Hosting.Internal.ConsoleLifetime.OnApplicationStarted
2022-11-11 15:32:54.0834|0|INFO|Microsoft.Hosting.Lifetime|Hosting environment: Development |url: |action: |Microsoft.Extensions.Hosting.Internal.ConsoleLifetime.OnApplicationStarted
2022-11-11 15:32:54.0834|0|INFO|Microsoft.Hosting.Lifetime|Content root path: F:\ShortUrlApp\LinkShortener\LinkShortener\ |url: |action: |Microsoft.Extensions.Hosting.Internal.ConsoleLifetime.OnApplicationStarted
2022-11-11 15:33:26.3055|0|INFO|Microsoft.Hosting.Lifetime|Application is shutting down... |url: |action: |Microsoft.Extensions.Hosting.Internal.ConsoleLifetime.OnApplicationStopping
2022-11-11 15:33:40.8194|14|INFO|Microsoft.Hosting.Lifetime|Now listening on: https://localhost:7288 |url: |action: |Microsoft.AspNetCore.Hosting.GenericWebHostService.StartAsync
2022-11-11 15:33:40.8445|14|INFO|Microsoft.Hosting.Lifetime|Now listening on: http://localhost:5288 |url: |action: |Microsoft.AspNetCore.Hosting.GenericWebHostService.StartAsync
2022-11-11 15:33:40.8445|0|INFO|Microsoft.Hosting.Lifetime|Application started. Press Ctrl+C to shut down. |url: |action: |Microsoft.Extensions.Hosting.Internal.ConsoleLifetime.OnApplicationStarted
2022-11-11 15:33:40.8464|0|INFO|Microsoft.Hosting.Lifetime|Hosting environment: Development |url: |action: |Microsoft.Extensions.Hosting.Internal.ConsoleLifetime.OnApplicationStarted
2022-11-11 15:33:40.8464|0|INFO|Microsoft.Hosting.Lifetime|Content root path: F:\ShortUrlApp\LinkShortener\LinkShortener\ |url: |action: |Microsoft.Extensions.Hosting.Internal.ConsoleLifetime.OnApplicationStarted
2022-11-11 15:34:18.0743|0|INFO|Microsoft.Hosting.Lifetime|Application is shutting down... |url: |action: |Microsoft.Extensions.Hosting.Internal.ConsoleLifetime.OnApplicationStopping
2022-11-11 15:34:34.9996|14|INFO|Microsoft.Hosting.Lifetime|Now listening on: https://localhost:7288 |url: |action: |Microsoft.AspNetCore.Hosting.GenericWebHostService.StartAsync
2022-11-11 15:34:35.0336|14|INFO|Microsoft.Hosting.Lifetime|Now listening on: http://localhost:5288 |url: |action: |Microsoft.AspNetCore.Hosting.GenericWebHostService.StartAsync
2022-11-11 15:34:35.0343|0|INFO|Microsoft.Hosting.Lifetime|Application started. Press Ctrl+C to shut down. |url: |action: |Microsoft.Extensions.Hosting.Internal.ConsoleLifetime.OnApplicationStarted
2022-11-11 15:34:35.0343|0|INFO|Microsoft.Hosting.Lifetime|Hosting environment: Development |url: |action: |Microsoft.Extensions.Hosting.Internal.ConsoleLifetime.OnApplicationStarted
2022-11-11 15:34:35.0343|0|INFO|Microsoft.Hosting.Lifetime|Content root path: F:\ShortUrlApp\LinkShortener\LinkShortener\ |url: |action: |Microsoft.Extensions.Hosting.Internal.ConsoleLifetime.OnApplicationStarted
2022-11-11 15:35:07.6469|0|INFO|Microsoft.Hosting.Lifetime|Application is shutting down... |url: |action: |Microsoft.Extensions.Hosting.Internal.ConsoleLifetime.OnApplicationStopping
2022-11-11 15:35:25.2360|14|INFO|Microsoft.Hosting.Lifetime|Now listening on: https://localhost:7288 |url: |action: |Microsoft.AspNetCore.Hosting.GenericWebHostService.StartAsync
2022-11-11 15:35:25.2739|14|INFO|Microsoft.Hosting.Lifetime|Now listening on: http://localhost:5288 |url: |action: |Microsoft.AspNetCore.Hosting.GenericWebHostService.StartAsync
2022-11-11 15:35:25.2739|0|INFO|Microsoft.Hosting.Lifetime|Application started. Press Ctrl+C to shut down. |url: |action: |Microsoft.Extensions.Hosting.Internal.ConsoleLifetime.OnApplicationStarted
2022-11-11 15:35:25.2739|0|INFO|Microsoft.Hosting.Lifetime|Hosting environment: Development |url: |action: |Microsoft.Extensions.Hosting.Internal.ConsoleLifetime.OnApplicationStarted
2022-11-11 15:35:25.2739|0|INFO|Microsoft.Hosting.Lifetime|Content root path: F:\ShortUrlApp\LinkShortener\LinkShortener\ |url: |action: |Microsoft.Extensions.Hosting.Internal.ConsoleLifetime.OnApplicationStarted
2022-11-11 15:35:59.5608|0|INFO|Microsoft.Hosting.Lifetime|Application is shutting down... |url: |action: |Microsoft.Extensions.Hosting.Internal.ConsoleLifetime.OnApplicationStopping
2022-11-11 15:36:16.9582|14|INFO|Microsoft.Hosting.Lifetime|Now listening on: https://localhost:7288 |url: |action: |Microsoft.AspNetCore.Hosting.GenericWebHostService.StartAsync
2022-11-11 15:36:17.0803|14|INFO|Microsoft.Hosting.Lifetime|Now listening on: http://localhost:5288 |url: |action: |Microsoft.AspNetCore.Hosting.GenericWebHostService.StartAsync
2022-11-11 15:36:17.0964|0|INFO|Microsoft.Hosting.Lifetime|Application started. Press Ctrl+C to shut down. |url: |action: |Microsoft.Extensions.Hosting.Internal.ConsoleLifetime.OnApplicationStarted
2022-11-11 15:36:17.1170|0|INFO|Microsoft.Hosting.Lifetime|Hosting environment: Development |url: |action: |Microsoft.Extensions.Hosting.Internal.ConsoleLifetime.OnApplicationStarted
2022-11-11 15:36:17.1170|0|INFO|Microsoft.Hosting.Lifetime|Content root path: F:\ShortUrlApp\LinkShortener\LinkShortener\ |url: |action: |Microsoft.Extensions.Hosting.Internal.ConsoleLifetime.OnApplicationStarted
2022-11-11 15:37:31.0999|0|INFO|Microsoft.Hosting.Lifetime|Application is shutting down... |url: |action: |Microsoft.Extensions.Hosting.Internal.ConsoleLifetime.OnApplicationStopping
2022-11-11 15:37:46.7083|14|INFO|Microsoft.Hosting.Lifetime|Now listening on: https://localhost:7288 |url: |action: |Microsoft.AspNetCore.Hosting.GenericWebHostService.StartAsync
2022-11-11 15:37:46.7543|14|INFO|Microsoft.Hosting.Lifetime|Now listening on: http://localhost:5288 |url: |action: |Microsoft.AspNetCore.Hosting.GenericWebHostService.StartAsync
2022-11-11 15:37:46.7543|0|INFO|Microsoft.Hosting.Lifetime|Application started. Press Ctrl+C to shut down. |url: |action: |Microsoft.Extensions.Hosting.Internal.ConsoleLifetime.OnApplicationStarted
2022-11-11 15:37:46.7543|0|INFO|Microsoft.Hosting.Lifetime|Hosting environment: Development |url: |action: |Microsoft.Extensions.Hosting.Internal.ConsoleLifetime.OnApplicationStarted
2022-11-11 15:37:46.7543|0|INFO|Microsoft.Hosting.Lifetime|Content root path: F:\ShortUrlApp\LinkShortener\LinkShortener\ |url: |action: |Microsoft.Extensions.Hosting.Internal.ConsoleLifetime.OnApplicationStarted
2022-11-11 15:39:26.8785|0|INFO|Microsoft.Hosting.Lifetime|Application is shutting down... |url: |action: |Microsoft.Extensions.Hosting.Internal.ConsoleLifetime.OnApplicationStopping
2022-11-11 15:39:43.8058|14|INFO|Microsoft.Hosting.Lifetime|Now listening on: https://localhost:7288 |url: |action: |Microsoft.AspNetCore.Hosting.GenericWebHostService.StartAsync
2022-11-11 15:39:43.8339|14|INFO|Microsoft.Hosting.Lifetime|Now listening on: http://localhost:5288 |url: |action: |Microsoft.AspNetCore.Hosting.GenericWebHostService.StartAsync
2022-11-11 15:39:43.8339|0|INFO|Microsoft.Hosting.Lifetime|Application started. Press Ctrl+C to shut down. |url: |action: |Microsoft.Extensions.Hosting.Internal.ConsoleLifetime.OnApplicationStarted
2022-11-11 15:39:43.8339|0|INFO|Microsoft.Hosting.Lifetime|Hosting environment: Development |url: |action: |Microsoft.Extensions.Hosting.Internal.ConsoleLifetime.OnApplicationStarted
2022-11-11 15:39:43.8339|0|INFO|Microsoft.Hosting.Lifetime|Content root path: F:\ShortUrlApp\LinkShortener\LinkShortener\ |url: |action: |Microsoft.Extensions.Hosting.Internal.ConsoleLifetime.OnApplicationStarted
2022-11-11 15:40:29.0471|0|INFO|Microsoft.Hosting.Lifetime|Application is shutting down... |url: |action: |Microsoft.Extensions.Hosting.Internal.ConsoleLifetime.OnApplicationStopping
2022-11-11 15:40:50.7523|14|INFO|Microsoft.Hosting.Lifetime|Now listening on: https://localhost:7288 |url: |action: |Microsoft.AspNetCore.Hosting.GenericWebHostService.StartAsync
2022-11-11 15:40:50.7782|14|INFO|Microsoft.Hosting.Lifetime|Now listening on: http://localhost:5288 |url: |action: |Microsoft.AspNetCore.Hosting.GenericWebHostService.StartAsync
2022-11-11 15:40:50.7782|0|INFO|Microsoft.Hosting.Lifetime|Application started. Press Ctrl+C to shut down. |url: |action: |Microsoft.Extensions.Hosting.Internal.ConsoleLifetime.OnApplicationStarted
2022-11-11 15:40:50.7782|0|INFO|Microsoft.Hosting.Lifetime|Hosting environment: Development |url: |action: |Microsoft.Extensions.Hosting.Internal.ConsoleLifetime.OnApplicationStarted
2022-11-11 15:40:50.7782|0|INFO|Microsoft.Hosting.Lifetime|Content root path: F:\ShortUrlApp\LinkShortener\LinkShortener\ |url: |action: |Microsoft.Extensions.Hosting.Internal.ConsoleLifetime.OnApplicationStarted
2022-11-11 15:43:25.9474|0|INFO|Microsoft.Hosting.Lifetime|Application is shutting down... |url: |action: |Microsoft.Extensions.Hosting.Internal.ConsoleLifetime.OnApplicationStopping
2022-11-11 15:43:41.8445|14|INFO|Microsoft.Hosting.Lifetime|Now listening on: https://localhost:7288 |url: |action: |Microsoft.AspNetCore.Hosting.GenericWebHostService.StartAsync
2022-11-11 15:43:41.8754|14|INFO|Microsoft.Hosting.Lifetime|Now listening on: http://localhost:5288 |url: |action: |Microsoft.AspNetCore.Hosting.GenericWebHostService.StartAsync
2022-11-11 15:43:41.8754|0|INFO|Microsoft.Hosting.Lifetime|Application started. Press Ctrl+C to shut down. |url: |action: |Microsoft.Extensions.Hosting.Internal.ConsoleLifetime.OnApplicationStarted
2022-11-11 15:43:41.8754|0|INFO|Microsoft.Hosting.Lifetime|Hosting environment: Development |url: |action: |Microsoft.Extensions.Hosting.Internal.ConsoleLifetime.OnApplicationStarted
2022-11-11 15:43:41.8777|0|INFO|Microsoft.Hosting.Lifetime|Content root path: F:\ShortUrlApp\LinkShortener\LinkShortener\ |url: |action: |Microsoft.Extensions.Hosting.Internal.ConsoleLifetime.OnApplicationStarted
2022-11-11 15:44:05.2276|0|INFO|Microsoft.Hosting.Lifetime|Application is shutting down... |url: |action: |Microsoft.Extensions.Hosting.Internal.ConsoleLifetime.OnApplicationStopping
2022-11-11 15:50:02.5938|14|INFO|Microsoft.Hosting.Lifetime|Now listening on: https://localhost:7288 |url: |action: |Microsoft.AspNetCore.Hosting.GenericWebHostService.StartAsync
2022-11-11 15:50:02.6270|14|INFO|Microsoft.Hosting.Lifetime|Now listening on: http://localhost:5288 |url: |action: |Microsoft.AspNetCore.Hosting.GenericWebHostService.StartAsync
2022-11-11 15:50:02.6293|0|INFO|Microsoft.Hosting.Lifetime|Application started. Press Ctrl+C to shut down. |url: |action: |Microsoft.Extensions.Hosting.Internal.ConsoleLifetime.OnApplicationStarted
2022-11-11 15:50:02.6293|0|INFO|Microsoft.Hosting.Lifetime|Hosting environment: Development |url: |action: |Microsoft.Extensions.Hosting.Internal.ConsoleLifetime.OnApplicationStarted
2022-11-11 15:50:02.6593|0|INFO|Microsoft.Hosting.Lifetime|Content root path: F:\ShortUrlApp\LinkShortener\LinkShortener\ |url: |action: |Microsoft.Extensions.Hosting.Internal.ConsoleLifetime.OnApplicationStarted
2022-11-11 15:52:05.8887|0|INFO|Microsoft.Hosting.Lifetime|Application is shutting down... |url: |action: |Microsoft.Extensions.Hosting.Internal.ConsoleLifetime.OnApplicationStopping
2022-11-11 15:57:33.0606|14|INFO|Microsoft.Hosting.Lifetime|Now listening on: https://localhost:7288 |url: |action: |Microsoft.AspNetCore.Hosting.GenericWebHostService.StartAsync
2022-11-11 15:57:33.1196|14|INFO|Microsoft.Hosting.Lifetime|Now listening on: http://localhost:5288 |url: |action: |Microsoft.AspNetCore.Hosting.GenericWebHostService.StartAsync
2022-11-11 15:57:33.1196|0|INFO|Microsoft.Hosting.Lifetime|Application started. Press Ctrl+C to shut down. |url: |action: |Microsoft.Extensions.Hosting.Internal.ConsoleLifetime.OnApplicationStarted
2022-11-11 15:57:33.1196|0|INFO|Microsoft.Hosting.Lifetime|Hosting environment: Development |url: |action: |Microsoft.Extensions.Hosting.Internal.ConsoleLifetime.OnApplicationStarted
2022-11-11 15:57:33.1196|0|INFO|Microsoft.Hosting.Lifetime|Content root path: F:\ShortUrlApp\LinkShortener\LinkShortener\ |url: |action: |Microsoft.Extensions.Hosting.Internal.ConsoleLifetime.OnApplicationStarted
2022-11-11 15:59:04.5474|0|INFO|Microsoft.Hosting.Lifetime|Application is shutting down... |url: |action: |Microsoft.Extensions.Hosting.Internal.ConsoleLifetime.OnApplicationStopping
2022-11-11 15:59:57.7494|14|INFO|Microsoft.Hosting.Lifetime|Now listening on: https://localhost:7288 |url: |action: |Microsoft.AspNetCore.Hosting.GenericWebHostService.StartAsync
2022-11-11 15:59:57.7752|14|INFO|Microsoft.Hosting.Lifetime|Now listening on: http://localhost:5288 |url: |action: |Microsoft.AspNetCore.Hosting.GenericWebHostService.StartAsync
2022-11-11 15:59:57.7752|0|INFO|Microsoft.Hosting.Lifetime|Application started. Press Ctrl+C to shut down. |url: |action: |Microsoft.Extensions.Hosting.Internal.ConsoleLifetime.OnApplicationStarted
2022-11-11 15:59:57.7752|0|INFO|Microsoft.Hosting.Lifetime|Hosting environment: Development |url: |action: |Microsoft.Extensions.Hosting.Internal.ConsoleLifetime.OnApplicationStarted
2022-11-11 15:59:57.7752|0|INFO|Microsoft.Hosting.Lifetime|Content root path: F:\ShortUrlApp\LinkShortener\LinkShortener\ |url: |action: |Microsoft.Extensions.Hosting.Internal.ConsoleLifetime.OnApplicationStarted
2022-11-11 16:36:14.0726|0|INFO|Microsoft.Hosting.Lifetime|Application is shutting down... |url: |action: |Microsoft.Extensions.Hosting.Internal.ConsoleLifetime.OnApplicationStopping
2022-11-11 16:39:23.8056|14|INFO|Microsoft.Hosting.Lifetime|Now listening on: https://localhost:7288 |url: |action: |Microsoft.AspNetCore.Hosting.GenericWebHostService.StartAsync
2022-11-11 16:39:23.8337|14|INFO|Microsoft.Hosting.Lifetime|Now listening on: http://localhost:5288 |url: |action: |Microsoft.AspNetCore.Hosting.GenericWebHostService.StartAsync
2022-11-11 16:39:23.8337|0|INFO|Microsoft.Hosting.Lifetime|Application started. Press Ctrl+C to shut down. |url: |action: |Microsoft.Extensions.Hosting.Internal.ConsoleLifetime.OnApplicationStarted
2022-11-11 16:39:23.8337|0|INFO|Microsoft.Hosting.Lifetime|Hosting environment: Development |url: |action: |Microsoft.Extensions.Hosting.Internal.ConsoleLifetime.OnApplicationStarted
2022-11-11 16:39:23.8337|0|INFO|Microsoft.Hosting.Lifetime|Content root path: F:\ShortUrlApp\LinkShortener\LinkShortener\ |url: |action: |Microsoft.Extensions.Hosting.Internal.ConsoleLifetime.OnApplicationStarted
2022-11-11 16:40:06.4914|0|INFO|Microsoft.Hosting.Lifetime|Application is shutting down... |url: |action: |Microsoft.Extensions.Hosting.Internal.ConsoleLifetime.OnApplicationStopping
2022-11-11 16:40:25.6058|14|INFO|Microsoft.Hosting.Lifetime|Now listening on: https://localhost:7288 |url: |action: |Microsoft.AspNetCore.Hosting.GenericWebHostService.StartAsync
2022-11-11 16:40:25.6799|14|INFO|Microsoft.Hosting.Lifetime|Now listening on: http://localhost:5288 |url: |action: |Microsoft.AspNetCore.Hosting.GenericWebHostService.StartAsync
2022-11-11 16:40:25.6799|0|INFO|Microsoft.Hosting.Lifetime|Application started. Press Ctrl+C to shut down. |url: |action: |Microsoft.Extensions.Hosting.Internal.ConsoleLifetime.OnApplicationStarted
2022-11-11 16:40:25.6900|0|INFO|Microsoft.Hosting.Lifetime|Hosting environment: Development |url: |action: |Microsoft.Extensions.Hosting.Internal.ConsoleLifetime.OnApplicationStarted
2022-11-11 16:40:25.6900|0|INFO|Microsoft.Hosting.Lifetime|Content root path: F:\ShortUrlApp\LinkShortener\LinkShortener\ |url: |action: |Microsoft.Extensions.Hosting.Internal.ConsoleLifetime.OnApplicationStarted
2022-11-11 16:44:04.6262|0|INFO|Microsoft.Hosting.Lifetime|Application is shutting down... |url: |action: |Microsoft.Extensions.Hosting.Internal.ConsoleLifetime.OnApplicationStopping
2022-11-11 16:44:28.0661|14|INFO|Microsoft.Hosting.Lifetime|Now listening on: https://localhost:7288 |url: |action: |Microsoft.AspNetCore.Hosting.GenericWebHostService.StartAsync
2022-11-11 16:44:28.1541|14|INFO|Microsoft.Hosting.Lifetime|Now listening on: http://localhost:5288 |url: |action: |Microsoft.AspNetCore.Hosting.GenericWebHostService.StartAsync
2022-11-11 16:44:28.1541|0|INFO|Microsoft.Hosting.Lifetime|Application started. Press Ctrl+C to shut down. |url: |action: |Microsoft.Extensions.Hosting.Internal.ConsoleLifetime.OnApplicationStarted
2022-11-11 16:44:28.1541|0|INFO|Microsoft.Hosting.Lifetime|Hosting environment: Development |url: |action: |Microsoft.Extensions.Hosting.Internal.ConsoleLifetime.OnApplicationStarted
2022-11-11 16:44:28.1541|0|INFO|Microsoft.Hosting.Lifetime|Content root path: F:\ShortUrlApp\LinkShortener\LinkShortener\ |url: |action: |Microsoft.Extensions.Hosting.Internal.ConsoleLifetime.OnApplicationStarted
2022-11-11 16:46:05.7356|14|INFO|Microsoft.Hosting.Lifetime|Now listening on: https://localhost:7288 |url: |action: |Microsoft.AspNetCore.Hosting.GenericWebHostService.StartAsync
2022-11-11 16:46:05.8036|14|INFO|Microsoft.Hosting.Lifetime|Now listening on: http://localhost:5288 |url: |action: |Microsoft.AspNetCore.Hosting.GenericWebHostService.StartAsync
2022-11-11 16:46:05.8036|0|INFO|Microsoft.Hosting.Lifetime|Application started. Press Ctrl+C to shut down. |url: |action: |Microsoft.Extensions.Hosting.Internal.ConsoleLifetime.OnApplicationStarted
2022-11-11 16:46:05.8036|0|INFO|Microsoft.Hosting.Lifetime|Hosting environment: Development |url: |action: |Microsoft.Extensions.Hosting.Internal.ConsoleLifetime.OnApplicationStarted
2022-11-11 16:46:05.8036|0|INFO|Microsoft.Hosting.Lifetime|Content root path: F:\ShortUrlApp\LinkShortener\LinkShortener\ |url: |action: |Microsoft.Extensions.Hosting.Internal.ConsoleLifetime.OnApplicationStarted
2022-11-11 16:49:19.3402|14|INFO|Microsoft.Hosting.Lifetime|Now listening on: https://localhost:7288 |url: |action: |Microsoft.AspNetCore.Hosting.GenericWebHostService.StartAsync
2022-11-11 16:49:19.3988|14|INFO|Microsoft.Hosting.Lifetime|Now listening on: http://localhost:5288 |url: |action: |Microsoft.AspNetCore.Hosting.GenericWebHostService.StartAsync
2022-11-11 16:49:19.3988|0|INFO|Microsoft.Hosting.Lifetime|Application started. Press Ctrl+C to shut down. |url: |action: |Microsoft.Extensions.Hosting.Internal.ConsoleLifetime.OnApplicationStarted
2022-11-11 16:49:19.3988|0|INFO|Microsoft.Hosting.Lifetime|Hosting environment: Development |url: |action: |Microsoft.Extensions.Hosting.Internal.ConsoleLifetime.OnApplicationStarted
2022-11-11 16:49:19.3988|0|INFO|Microsoft.Hosting.Lifetime|Content root path: F:\ShortUrlApp\LinkShortener\LinkShortener\ |url: |action: |Microsoft.Extensions.Hosting.Internal.ConsoleLifetime.OnApplicationStarted
2022-11-11 16:53:32.4165|14|INFO|Microsoft.Hosting.Lifetime|Now listening on: https://localhost:7288 |url: |action: |Microsoft.AspNetCore.Hosting.GenericWebHostService.StartAsync
2022-11-11 16:53:32.4731|14|INFO|Microsoft.Hosting.Lifetime|Now listening on: http://localhost:5288 |url: |action: |Microsoft.AspNetCore.Hosting.GenericWebHostService.StartAsync
2022-11-11 16:53:32.4731|0|INFO|Microsoft.Hosting.Lifetime|Application started. Press Ctrl+C to shut down. |url: |action: |Microsoft.Extensions.Hosting.Internal.ConsoleLifetime.OnApplicationStarted
2022-11-11 16:53:32.4731|0|INFO|Microsoft.Hosting.Lifetime|Hosting environment: Development |url: |action: |Microsoft.Extensions.Hosting.Internal.ConsoleLifetime.OnApplicationStarted
2022-11-11 16:53:32.4731|0|INFO|Microsoft.Hosting.Lifetime|Content root path: F:\ShortUrlApp\LinkShortener\LinkShortener\ |url: |action: |Microsoft.Extensions.Hosting.Internal.ConsoleLifetime.OnApplicationStarted
2022-11-11 17:03:25.9244|14|INFO|Microsoft.Hosting.Lifetime|Now listening on: https://localhost:7288 |url: |action: |Microsoft.AspNetCore.Hosting.GenericWebHostService.StartAsync
2022-11-11 17:03:25.9933|14|INFO|Microsoft.Hosting.Lifetime|Now listening on: http://localhost:5288 |url: |action: |Microsoft.AspNetCore.Hosting.GenericWebHostService.StartAsync
2022-11-11 17:03:25.9933|0|INFO|Microsoft.Hosting.Lifetime|Application started. Press Ctrl+C to shut down. |url: |action: |Microsoft.Extensions.Hosting.Internal.ConsoleLifetime.OnApplicationStarted
2022-11-11 17:03:25.9933|0|INFO|Microsoft.Hosting.Lifetime|Hosting environment: Development |url: |action: |Microsoft.Extensions.Hosting.Internal.ConsoleLifetime.OnApplicationStarted
2022-11-11 17:03:25.9933|0|INFO|Microsoft.Hosting.Lifetime|Content root path: F:\ShortUrlApp\LinkShortener\LinkShortener\ |url: |action: |Microsoft.Extensions.Hosting.Internal.ConsoleLifetime.OnApplicationStarted
